<?xml version="1.0" encoding="UTF-8"?>
<coverage generated="1663368095403" clover="3.2.0">
  <project timestamp="1663368095403" name="All files">
    <metrics statements="18" coveredstatements="16" conditionals="1" coveredconditionals="1" methods="8" coveredmethods="6" elements="27" coveredelements="23" complexity="0" loc="18" ncloc="18" packages="1" files="1" classes="1"/>
    <file name="UserPropertyDAO.ts" path="C:\Users\Larissa\Documents\atividade-lp\src\models\dao\UserPropertyDAO.ts">
      <metrics statements="18" coveredstatements="16" conditionals="1" coveredconditionals="1" methods="8" coveredmethods="6"/>
      <line num="1" count="1" type="stmt"/>
      <line num="2" count="1" type="stmt"/>
      <line num="9" count="10" type="stmt"/>
      <line num="12" count="17" type="stmt"/>
      <line num="13" count="17" type="stmt"/>
      <line num="18" count="3" type="stmt"/>
      <line num="19" count="3" type="stmt"/>
      <line num="20" count="3" type="stmt"/>
      <line num="21" count="15" type="stmt"/>
      <line num="22" count="15" type="stmt"/>
      <line num="23" count="15" type="stmt"/>
      <line num="25" count="3" type="cond" truecount="1" falsecount="0"/>
      <line num="26" count="3" type="stmt"/>
      <line num="28" count="0" type="stmt"/>
      <line num="29" count="0" type="stmt"/>
      <line num="33" count="5" type="stmt"/>
      <line num="37" count="5" type="stmt"/>
      <line num="49" count="1" type="stmt"/>
    </file>
  </project>
</coverage>
