TN:
SF:src\models\dao\UserPropertyDAO.ts
FN:8,(anonymous_0)
FN:11,(anonymous_1)
FN:17,(anonymous_2)
FN:20,(anonymous_3)
FN:32,(anonymous_4)
FN:36,(anonymous_5)
FN:40,(anonymous_6)
FN:44,(anonymous_7)
FNF:8
FNH:6
FNDA:10,(anonymous_0)
FNDA:17,(anonymous_1)
FNDA:3,(anonymous_2)
FNDA:15,(anonymous_3)
FNDA:5,(anonymous_4)
FNDA:5,(anonymous_5)
FNDA:0,(anonymous_6)
FNDA:0,(anonymous_7)
DA:1,1
DA:2,1
DA:9,10
DA:12,17
DA:13,17
DA:18,3
DA:19,3
DA:20,3
DA:21,15
DA:22,15
DA:23,15
DA:25,3
DA:26,3
DA:28,0
DA:29,0
DA:33,5
DA:37,5
DA:49,1
LF:18
LH:16
BRDA:25,0,0,3
BRF:1
BRH:1
end_of_record
